<?xml version="1.0" encoding="UTF-8"?>
<robot generator="Robot 3.2.2 (Python 3.9.0 on win32)" generated="20201116 09:42:44.635" rpa="false">
<suite id="s1" name="Amazon" source="D:\robot-script\amazon\Test\Amazon.robot">
<test id="s1-t1" name="User must sign in to check out">
<kw name="Open Browser">
<arguments>
<arg>http://www.amazon.com chrome</arg>
</arguments>
<msg timestamp="20201116 09:42:44.672" level="FAIL">No keyword with name 'Open Browser' found.</msg>
<status status="FAIL" starttime="20201116 09:42:44.672" endtime="20201116 09:42:44.672"></status>
</kw>
<doc>This is some basic info about the test</doc>
<tags>
<tag>Smoke</tag>
</tags>
<status status="FAIL" starttime="20201116 09:42:44.672" endtime="20201116 09:42:44.672" critical="yes">No keyword with name 'Open Browser' found.</status>
</test>
<doc>This is some basic info about the whole suite</doc>
<status status="FAIL" starttime="20201116 09:42:44.635" endtime="20201116 09:42:44.672"></status>
</suite>
<statistics>
<total>
<stat pass="0" fail="1">Critical Tests</stat>
<stat pass="0" fail="1">All Tests</stat>
</total>
<tag>
<stat pass="0" fail="1">Smoke</stat>
</tag>
<suite>
<stat pass="0" fail="1" id="s1" name="Amazon">Amazon</stat>
</suite>
</statistics>
<errors>
<msg timestamp="20201116 09:42:44.672" level="ERROR">Error in file 'D:\robot-script\amazon\Test\Amazon.robot' on line 3: Importing test library 'Selenium2Library' failed: ModuleNotFoundError: No module named 'Selenium2Library'
Traceback (most recent call last):
  None
PYTHONPATH:
  D:\robot-script\amazon\venv\Scripts\robot.exe
  C:\Users\TP\AppData\Local\Programs\Python\Python39\python39.zip
  C:\Users\TP\AppData\Local\Programs\Python\Python39\DLLs
  C:\Users\TP\AppData\Local\Programs\Python\Python39\lib
  C:\Users\TP\AppData\Local\Programs\Python\Python39
  d:\robot-script\amazon\venv
  d:\robot-script\amazon\venv\lib\site-packages
  C:\Users\TP\AppData\Local\Programs\Python\Python39\lib\site-packages</msg>
</errors>
</robot>
